/home/mike/jscc/.venv/lib64/python3.11/site-packages/torch/nn/utils/weight_norm.py:144: FutureWarning: `torch.nn.utils.weight_norm` is deprecated in favor of `torch.nn.utils.parametrizations.weight_norm`.
  WeightNorm.apply(module, name, dim)
{
  "defined": true,
  "selected_snr_range_db": [
    5.0,
    15.0
  ],
  "selected_pilot_jsr_range_db": [
    -10.0,
    10.0
  ],
  "selected_pilot_coverages": [
    0.25,
    0.5,
    1.0
  ],
  "strongest_selected_condition": {
    "snr_db": 5.0,
    "pilot_jsr_db": 10.0,
    "coverage": 0.5
  },
  "boundary_evidence": {
    "group": "unseen_speaker_unseen_utterance_unseen_channel",
    "snr_db": 5.0,
    "pilot_jsr_db": 10.0,
    "coverage": 0.5,
    "n": 16,
    "aggregate_normalized_mse_mean": 0.8383503672666848,
    "aggregate_normalized_mse_std": 0.03283085337711794,
    "aggregate_normalized_mse_median": 0.841006813570857,
    "aggregate_normalized_mse_p10": 0.8066974598914385,
    "aggregate_normalized_mse_p05": 0.8027877500280738,
    "aggregate_normalized_mse_minimum": 0.7922097519040108,
    "aggregate_normalized_mse_negative_rate": 0.0,
    "aggregate_normalized_mse_below_2_percent_rate": 0.0,
    "aggregate_normalized_mse_below_5_percent_rate": 0.0,
    "aggregate_relative_improvement_over_zero_mean": 0.16164963273331523,
    "aggregate_relative_improvement_over_zero_std": 0.03283085337711794,
    "aggregate_relative_improvement_over_zero_median": 0.15899318642914295,
    "aggregate_relative_improvement_over_zero_p10": 0.14131994172930717,
    "aggregate_relative_improvement_over_zero_p05": 0.12172609940171242,
    "aggregate_relative_improvement_over_zero_minimum": 0.06787564605474472,
    "aggregate_relative_improvement_over_zero_negative_rate": 0.0,
    "aggregate_relative_improvement_over_zero_below_2_percent_rate": 0.0,
    "aggregate_relative_improvement_over_zero_below_5_percent_rate": 0.0,
    "layers1_to_7_relative_improvement_over_zero_mean": 0.10451538834188666,
    "layers1_to_7_relative_improvement_over_zero_std": 0.026883830212471052,
    "layers1_to_7_relative_improvement_over_zero_median": 0.10308963911873953,
    "layers1_to_7_relative_improvement_over_zero_p10": 0.07216351798602513,
    "layers1_to_7_relative_improvement_over_zero_p05": 0.0709723276751382,
    "layers1_to_7_relative_improvement_over_zero_minimum": 0.06819239684513637,
    "layers1_to_7_relative_improvement_over_zero_negative_rate": 0.0,
    "layers1_to_7_relative_improvement_over_zero_below_2_percent_rate": 0.0,
    "layers1_to_7_relative_improvement_over_zero_below_5_percent_rate": 0.0,
    "layers6_to_7_relative_improvement_over_zero_mean": 0.0704481415450573,
    "layers6_to_7_relative_improvement_over_zero_std": 0.03445953065586552,
    "layers6_to_7_relative_improvement_over_zero_median": 0.06718714535236359,
    "layers6_to_7_relative_improvement_over_zero_p10": 0.03608688712120056,
    "layers6_to_7_relative_improvement_over_zero_p05": 0.0254753977060318,
    "layers6_to_7_relative_improvement_over_zero_minimum": 0.0030143558979034424,
    "layers6_to_7_relative_improvement_over_zero_negative_rate": 0.0,
    "layers6_to_7_relative_improvement_over_zero_below_2_percent_rate": 0.0625,
    "layers6_to_7_relative_improvement_over_zero_below_5_percent_rate": 0.25,
    "layer7_relative_improvement_over_zero_mean": 0.05977637320756912,
    "layer7_relative_improvement_over_zero_std": 0.054365425260279945,
    "layer7_relative_improvement_over_zero_median": 0.05670854449272156,
    "layer7_relative_improvement_over_zero_p10": -0.013994187116622925,
    "layer7_relative_improvement_over_zero_p05": -0.0370384156703949,
    "layer7_relative_improvement_over_zero_minimum": -0.04654586315155029,
    "layer7_relative_improvement_over_zero_negative_rate": 0.125,
    "layer7_relative_improvement_over_zero_below_2_percent_rate": 0.25,
    "layer7_relative_improvement_over_zero_below_5_percent_rate": 0.4375,
    "layer7_pearson_correlation_mean": 0.24812473566271365,
    "layer7_pearson_correlation_std": 0.09056700633279356,
    "layer7_pearson_correlation_median": 0.24386950582265854,
    "layer7_pearson_correlation_p10": 0.12272928282618523,
    "layer7_pearson_correlation_p05": 0.1017900975421071,
    "layer7_pearson_correlation_minimum": 0.050211187452077866,
    "layer7_pearson_correlation_negative_rate": 0.0,
    "layer7_pearson_correlation_below_2_percent_rate": 0.0,
    "layer7_pearson_correlation_below_5_percent_rate": 0.0,
    "layer7_power_ratio_mean": 0.10297187673859298,
    "layer7_power_ratio_std": 0.03117316728759881,
    "layer7_power_ratio_median": 0.09216925129294395,
    "layer7_power_ratio_p10": 0.07269738614559174,
    "layer7_power_ratio_p05": 0.06661933194845915,
    "layer7_power_ratio_minimum": 0.051541347056627274,
    "layer7_power_ratio_negative_rate": 0.0,
    "layer7_power_ratio_below_2_percent_rate": 0.0,
    "layer7_power_ratio_below_5_percent_rate": 0.0,
    "csi_nmse_mean": 0.3372660339809954,
    "csi_nmse_std": 0.18942997877677858,
    "csi_nmse_median": 0.2888886630535126,
    "csi_nmse_p10": 0.1508810818195343,
    "csi_nmse_p05": 0.14412816800177097,
    "csi_nmse_minimum": 0.12464257329702377,
    "csi_nmse_negative_rate": 0.0,
    "csi_nmse_below_2_percent_rate": 0.0,
    "csi_nmse_below_5_percent_rate": 0.0,
    "pilot_evm_mean": 2.4198210313916206,
    "pilot_evm_std": 0.8454034451358352,
    "pilot_evm_median": 2.177201509475708,
    "pilot_evm_p10": 1.5816765427589417,
    "pilot_evm_p05": 1.5036191940307617,
    "pilot_evm_minimum": 1.4747282266616821,
    "pilot_evm_negative_rate": 0.0,
    "pilot_evm_below_2_percent_rate": 0.0,
    "pilot_evm_below_5_percent_rate": 0.0,
    "post_equalization_sinr_db_mean": -3.2899145111441612,
    "post_equalization_sinr_db_std": 3.126854727768981,
    "post_equalization_sinr_db_median": -3.4698985815048218,
    "post_equalization_sinr_db_p10": -5.502319812774658,
    "post_equalization_sinr_db_p05": -7.096984148025513,
    "post_equalization_sinr_db_minimum": -11.118667602539062,
    "post_equalization_sinr_db_negative_rate": 0.875,
    "post_equalization_sinr_db_below_2_percent_rate": 0.875,
    "post_equalization_sinr_db_below_5_percent_rate": 0.875
  }
}
