/home/mike/jscc/.venv/lib64/python3.11/site-packages/torch/nn/utils/weight_norm.py:144: FutureWarning: `torch.nn.utils.weight_norm` is deprecated in favor of `torch.nn.utils.parametrizations.weight_norm`.
  WeightNorm.apply(module, name, dim)
/home/mike/jscc/src/speech_jscc/diagnostics/conv_conformer_integration.py:75: UserWarning: Converting a tensor with requires_grad=True to a scalar may lead to unexpected behavior.
Consider using tensor.detach() first. (Triggered internally at /pytorch/torch/csrc/autograd/generated/python_variable_methods.cpp:836.)
  def db(ratio):return float((10*torch.log10(ratio.clamp_min(epsilon))).mean())
{"loss": 1.1117424964904785, "step": 1, "validation": {"j2_strongest_selected_condition": 1.0761675387620926, "same_speaker_unseen_utterance_unseen_channel": 1.0856863725930452, "seen_utterance_unseen_channel": 1.0881788032129407, "unseen_speaker_unseen_utterance_unseen_channel": 1.0768218133598566}}
{"loss": 1.0026911497116089, "step": 25, "validation": {}}
{"loss": 0.9940632581710815, "step": 50, "validation": {}}
{"loss": 0.9790053367614746, "step": 75, "validation": {}}
{"loss": 0.9757795929908752, "step": 100, "validation": {"j2_strongest_selected_condition": 0.9739954508841038, "same_speaker_unseen_utterance_unseen_channel": 0.9737007701769471, "seen_utterance_unseen_channel": 0.9726920388638973, "unseen_speaker_unseen_utterance_unseen_channel": 0.9756476394832134}}
{"loss": 0.977126955986023, "step": 125, "validation": {}}
{"loss": 0.9766408801078796, "step": 150, "validation": {}}
{"loss": 0.9757091999053955, "step": 175, "validation": {}}
{"loss": 0.9742335677146912, "step": 200, "validation": {"j2_strongest_selected_condition": 0.9715410564094782, "same_speaker_unseen_utterance_unseen_channel": 0.9711380386725068, "seen_utterance_unseen_channel": 0.9703420083969831, "unseen_speaker_unseen_utterance_unseen_channel": 0.9733069818466902}}
{"loss": 0.9657105207443237, "step": 225, "validation": {}}
{"loss": 0.9747269153594971, "step": 250, "validation": {}}
{"loss": 0.9735370874404907, "step": 275, "validation": {}}
{"loss": 0.9685943126678467, "step": 300, "validation": {"j2_strongest_selected_condition": 0.9705405170097947, "same_speaker_unseen_utterance_unseen_channel": 0.9713858142495155, "seen_utterance_unseen_channel": 0.9707925515249372, "unseen_speaker_unseen_utterance_unseen_channel": 0.9719645334407687}}
{"loss": 0.9731074571609497, "step": 325, "validation": {}}
{"loss": 0.9687168002128601, "step": 350, "validation": {}}
{"loss": 0.9715374708175659, "step": 375, "validation": {}}
{"loss": 0.9688825011253357, "step": 400, "validation": {"j2_strongest_selected_condition": 0.9699316453188658, "same_speaker_unseen_utterance_unseen_channel": 0.9847635710611939, "seen_utterance_unseen_channel": 0.9698203559964895, "unseen_speaker_unseen_utterance_unseen_channel": 0.9713155617937446}}
{"loss": 0.9693348407745361, "step": 425, "validation": {}}
{"loss": 0.9714459776878357, "step": 450, "validation": {}}
{"loss": 0.9703088998794556, "step": 475, "validation": {}}
{"loss": 0.9727145433425903, "step": 500, "validation": {"j2_strongest_selected_condition": 0.969888549298048, "same_speaker_unseen_utterance_unseen_channel": 0.9692194480448961, "seen_utterance_unseen_channel": 0.9680201718583703, "unseen_speaker_unseen_utterance_unseen_channel": 0.9730308875441551}}
{"loss": 0.9693286418914795, "step": 512, "validation": {"j2_strongest_selected_condition": 0.9695540135726333, "same_speaker_unseen_utterance_unseen_channel": 0.9694802481681108, "seen_utterance_unseen_channel": 0.9681486915796995, "unseen_speaker_unseen_utterance_unseen_channel": 0.9726881422102451}}
