/home/mike/jscc/.venv/lib64/python3.11/site-packages/torch/nn/utils/weight_norm.py:144: FutureWarning: `torch.nn.utils.weight_norm` is deprecated in favor of `torch.nn.utils.parametrizations.weight_norm`.
  WeightNorm.apply(module, name, dim)
/home/mike/jscc/diagnose_stage1_content_generalization.py:254: UserWarning: Converting a tensor with requires_grad=True to a scalar may lead to unexpected behavior.
Consider using tensor.detach() first. (Triggered internally at /pytorch/torch/csrc/autograd/generated/python_variable_methods.cpp:836.)
  "csi_nmse":float(result["csi_nmse"].mean()),"pilot_evm":float(result["pilot_evm"].mean()),"data_evm":float(data_error.sqrt()),"equalized_symbol_mse":float(data_error),
{"loss": 1.1112068891525269, "step": 1, "validation": {"j1_joint_snr_5db_jsr_-10db": 1.0736768264323473, "j1_unseen_jsr_-10db": 1.0744513738900423, "j1_unseen_jsr_-12.5db": 1.0745948143303394, "j1_unseen_jsr_-15db": 1.073933007195592, "j1_unseen_snr_10db": 1.0747527722269297, "j1_unseen_snr_15db": 1.074944189749658, "j1_unseen_snr_5db": 1.073761522769928, "same_speaker_unseen_utterance_unseen_channel": 1.0832041017711163, "seen_utterance_unseen_channel": 1.086211772635579, "unseen_speaker_unseen_utterance_unseen_channel": 1.0740502243861556}}
{"loss": 0.9999765753746033, "step": 25, "validation": {}}
{"loss": 0.9838676452636719, "step": 50, "validation": {}}
{"loss": 0.9757643342018127, "step": 75, "validation": {}}
{"loss": 0.9720194935798645, "step": 100, "validation": {"j1_joint_snr_5db_jsr_-10db": 0.9716995898634195, "j1_unseen_jsr_-10db": 0.9711783127859235, "j1_unseen_jsr_-12.5db": 0.9712477056309581, "j1_unseen_jsr_-15db": 0.9712153887376189, "j1_unseen_snr_10db": 0.9712888095527887, "j1_unseen_snr_15db": 0.9710809560492635, "j1_unseen_snr_5db": 0.9713791813701391, "same_speaker_unseen_utterance_unseen_channel": 0.9719638712704182, "seen_utterance_unseen_channel": 0.971020856872201, "unseen_speaker_unseen_utterance_unseen_channel": 0.9744824580848217}}
{"loss": 0.9715707302093506, "step": 125, "validation": {}}
{"loss": 0.971831202507019, "step": 150, "validation": {}}
{"loss": 0.9687957167625427, "step": 175, "validation": {}}
{"loss": 0.9627821445465088, "step": 200, "validation": {"j1_joint_snr_5db_jsr_-10db": 0.9666684726253152, "j1_unseen_jsr_-10db": 0.9656496858224273, "j1_unseen_jsr_-12.5db": 0.9656419418752193, "j1_unseen_jsr_-15db": 0.965717600658536, "j1_unseen_snr_10db": 0.9663925971835852, "j1_unseen_snr_15db": 0.965402920730412, "j1_unseen_snr_5db": 0.966444599442184, "same_speaker_unseen_utterance_unseen_channel": 0.9643699415028095, "seen_utterance_unseen_channel": 0.9644703855738044, "unseen_speaker_unseen_utterance_unseen_channel": 0.9693572651594877}}
{"loss": 0.9633195400238037, "step": 225, "validation": {}}
{"loss": 0.9583545923233032, "step": 250, "validation": {}}
{"loss": 0.9544072151184082, "step": 275, "validation": {}}
{"loss": 0.9492202997207642, "step": 300, "validation": {"j1_joint_snr_5db_jsr_-10db": 0.9583276836201549, "j1_unseen_jsr_-10db": 0.9534895643591881, "j1_unseen_jsr_-12.5db": 0.9539665346965194, "j1_unseen_jsr_-15db": 0.9544319016858935, "j1_unseen_snr_10db": 0.9555235877633095, "j1_unseen_snr_15db": 0.952843819744885, "j1_unseen_snr_5db": 0.9570097895339131, "same_speaker_unseen_utterance_unseen_channel": 0.9495335901156068, "seen_utterance_unseen_channel": 0.9494019458070397, "unseen_speaker_unseen_utterance_unseen_channel": 0.958272491581738}}
{"loss": 0.9405531883239746, "step": 325, "validation": {}}
{"loss": 0.9400503039360046, "step": 350, "validation": {}}
{"loss": 0.9285478591918945, "step": 375, "validation": {}}
{"loss": 0.9315472841262817, "step": 400, "validation": {"j1_joint_snr_5db_jsr_-10db": 0.9436515066772699, "j1_unseen_jsr_-10db": 0.9350225469097495, "j1_unseen_jsr_-12.5db": 0.9359996877610683, "j1_unseen_jsr_-15db": 0.9364065444096923, "j1_unseen_snr_10db": 0.9380769487470388, "j1_unseen_snr_15db": 0.9334050193428993, "j1_unseen_snr_5db": 0.9424804551526904, "same_speaker_unseen_utterance_unseen_channel": 0.9278547884896398, "seen_utterance_unseen_channel": 0.9281433559954166, "unseen_speaker_unseen_utterance_unseen_channel": 0.9410036886110902}}
{"loss": 0.9369194507598877, "step": 425, "validation": {}}
{"loss": 0.8974042534828186, "step": 450, "validation": {}}
{"loss": 0.9190987944602966, "step": 475, "validation": {}}
{"loss": 0.8952758312225342, "step": 500, "validation": {"j1_joint_snr_5db_jsr_-10db": 0.9263412710279226, "j1_unseen_jsr_-10db": 0.9092541225254536, "j1_unseen_jsr_-12.5db": 0.911938582547009, "j1_unseen_jsr_-15db": 0.9110122630372643, "j1_unseen_snr_10db": 0.9136492600664496, "j1_unseen_snr_15db": 0.9051692644134164, "j1_unseen_snr_5db": 0.9248054912313819, "same_speaker_unseen_utterance_unseen_channel": 0.8995757345110178, "seen_utterance_unseen_channel": 0.8987835142761469, "unseen_speaker_unseen_utterance_unseen_channel": 0.9164860742166638}}
{"loss": 0.903394341468811, "step": 525, "validation": {}}
{"loss": 0.8958633542060852, "step": 550, "validation": {}}
{"loss": 0.9115788340568542, "step": 575, "validation": {}}
{"loss": 0.8719197511672974, "step": 600, "validation": {"j1_joint_snr_5db_jsr_-10db": 0.9124325085431337, "j1_unseen_jsr_-10db": 0.8890559552237391, "j1_unseen_jsr_-12.5db": 0.8920116443186998, "j1_unseen_jsr_-15db": 0.8900473425164819, "j1_unseen_snr_10db": 0.8934469539672136, "j1_unseen_snr_15db": 0.8824444273486733, "j1_unseen_snr_5db": 0.9084687922149897, "same_speaker_unseen_utterance_unseen_channel": 0.8744980888441205, "seen_utterance_unseen_channel": 0.8756479136645794, "unseen_speaker_unseen_utterance_unseen_channel": 0.8968163095414639}}
{"loss": 0.8892714977264404, "step": 625, "validation": {}}
{"loss": 0.8765664100646973, "step": 650, "validation": {}}
{"loss": 0.9009045362472534, "step": 675, "validation": {}}
{"loss": 0.8542885780334473, "step": 700, "validation": {"j1_joint_snr_5db_jsr_-10db": 0.9006971037015319, "j1_unseen_jsr_-10db": 0.8742977902293205, "j1_unseen_jsr_-12.5db": 0.8775307536125183, "j1_unseen_jsr_-15db": 0.8757113637402654, "j1_unseen_snr_10db": 0.8791803382337093, "j1_unseen_snr_15db": 0.8658684743568301, "j1_unseen_snr_5db": 0.8975224867463112, "same_speaker_unseen_utterance_unseen_channel": 0.8580834828317165, "seen_utterance_unseen_channel": 0.8594579631462693, "unseen_speaker_unseen_utterance_unseen_channel": 0.8825867641717196}}
{"loss": 0.8603568077087402, "step": 725, "validation": {}}
{"loss": 0.8816438913345337, "step": 750, "validation": {}}
{"loss": 0.8819438815116882, "step": 775, "validation": {}}
{"loss": 0.8467054963111877, "step": 800, "validation": {"j1_joint_snr_5db_jsr_-10db": 0.8970342120155692, "j1_unseen_jsr_-10db": 0.8634761786088347, "j1_unseen_jsr_-12.5db": 0.8673129109665751, "j1_unseen_jsr_-15db": 0.864940351806581, "j1_unseen_snr_10db": 0.8690229821950197, "j1_unseen_snr_15db": 0.8533235620707273, "j1_unseen_snr_5db": 0.8918712018057704, "same_speaker_unseen_utterance_unseen_channel": 0.8480496862903237, "seen_utterance_unseen_channel": 0.8511117878369987, "unseen_speaker_unseen_utterance_unseen_channel": 0.8726406246423721}}
{"loss": 0.8651152849197388, "step": 825, "validation": {}}
{"loss": 0.8336880207061768, "step": 850, "validation": {}}
{"loss": 0.8459558486938477, "step": 875, "validation": {}}
{"loss": 0.8491618633270264, "step": 900, "validation": {"j1_joint_snr_5db_jsr_-10db": 0.8842098005115986, "j1_unseen_jsr_-10db": 0.8517600279301405, "j1_unseen_jsr_-12.5db": 0.8551771733909845, "j1_unseen_jsr_-15db": 0.8528307992964983, "j1_unseen_snr_10db": 0.856892567127943, "j1_unseen_snr_15db": 0.8395810471847653, "j1_unseen_snr_5db": 0.8817189540714025, "same_speaker_unseen_utterance_unseen_channel": 0.8331776736304164, "seen_utterance_unseen_channel": 0.83601382561028, "unseen_speaker_unseen_utterance_unseen_channel": 0.8597210561856627}}
{"loss": 0.8412264585494995, "step": 925, "validation": {}}
{"loss": 0.8187085390090942, "step": 950, "validation": {}}
{"loss": 0.8518902063369751, "step": 975, "validation": {}}
{"loss": 0.8367422223091125, "step": 1000, "validation": {"j1_joint_snr_5db_jsr_-10db": 0.8801036784425378, "j1_unseen_jsr_-10db": 0.8437304068356752, "j1_unseen_jsr_-12.5db": 0.8479011580348015, "j1_unseen_jsr_-15db": 0.8445384623482823, "j1_unseen_snr_10db": 0.8497403124347329, "j1_unseen_snr_15db": 0.8308933284133673, "j1_unseen_snr_5db": 0.8763055829331279, "same_speaker_unseen_utterance_unseen_channel": 0.824913720600307, "seen_utterance_unseen_channel": 0.8277491987682879, "unseen_speaker_unseen_utterance_unseen_channel": 0.8509319461882114}}
{"loss": 0.8087314367294312, "step": 1025, "validation": {}}
{"loss": 0.8171752691268921, "step": 1050, "validation": {}}
{"loss": 0.8366405963897705, "step": 1075, "validation": {}}
{"loss": 0.8303091526031494, "step": 1100, "validation": {"j1_joint_snr_5db_jsr_-10db": 0.8754362734034657, "j1_unseen_jsr_-10db": 0.8383975690230727, "j1_unseen_jsr_-12.5db": 0.8416430344805121, "j1_unseen_jsr_-15db": 0.8387062782421708, "j1_unseen_snr_10db": 0.8440046813338995, "j1_unseen_snr_15db": 0.8243688810616732, "j1_unseen_snr_5db": 0.8719535376876593, "same_speaker_unseen_utterance_unseen_channel": 0.8187722386792302, "seen_utterance_unseen_channel": 0.8220264590345323, "unseen_speaker_unseen_utterance_unseen_channel": 0.8464885391294956}}
{"loss": 0.8407472372055054, "step": 1125, "validation": {}}
{"loss": 0.8322954177856445, "step": 1150, "validation": {}}
{"loss": 0.8291256427764893, "step": 1175, "validation": {}}
{"loss": 0.8155313730239868, "step": 1200, "validation": {"j1_joint_snr_5db_jsr_-10db": 0.8731842124834657, "j1_unseen_jsr_-10db": 0.8338419320061803, "j1_unseen_jsr_-12.5db": 0.8370872810482979, "j1_unseen_jsr_-15db": 0.8339678579941392, "j1_unseen_snr_10db": 0.8394149588420987, "j1_unseen_snr_15db": 0.8189838426187634, "j1_unseen_snr_5db": 0.8688756683841348, "same_speaker_unseen_utterance_unseen_channel": 0.814021676313132, "seen_utterance_unseen_channel": 0.8167707975953817, "unseen_speaker_unseen_utterance_unseen_channel": 0.8413891745731235}}
{"loss": 0.8047130703926086, "step": 1225, "validation": {}}
{"loss": 0.7867217063903809, "step": 1250, "validation": {}}
{"loss": 0.8345105648040771, "step": 1275, "validation": {}}
{"loss": 0.8142874836921692, "step": 1300, "validation": {"j1_joint_snr_5db_jsr_-10db": 0.8692615060135722, "j1_unseen_jsr_-10db": 0.8302416559308767, "j1_unseen_jsr_-12.5db": 0.8335537696257234, "j1_unseen_jsr_-15db": 0.8304188214242458, "j1_unseen_snr_10db": 0.836176379583776, "j1_unseen_snr_15db": 0.8149159727618098, "j1_unseen_snr_5db": 0.8659503711387515, "same_speaker_unseen_utterance_unseen_channel": 0.8088576779700816, "seen_utterance_unseen_channel": 0.8122759601101279, "unseen_speaker_unseen_utterance_unseen_channel": 0.8370941076427698}}
{"loss": 0.8317440748214722, "step": 1325, "validation": {}}
{"loss": 0.8072118759155273, "step": 1350, "validation": {}}
{"loss": 0.7828243970870972, "step": 1375, "validation": {}}
{"loss": 0.8030983209609985, "step": 1400, "validation": {"j1_joint_snr_5db_jsr_-10db": 0.8668355168774724, "j1_unseen_jsr_-10db": 0.826895878650248, "j1_unseen_jsr_-12.5db": 0.830576435662806, "j1_unseen_jsr_-15db": 0.8275893414393067, "j1_unseen_snr_10db": 0.8332770420238376, "j1_unseen_snr_15db": 0.8115210877731442, "j1_unseen_snr_5db": 0.8645053561776876, "same_speaker_unseen_utterance_unseen_channel": 0.806462389882654, "seen_utterance_unseen_channel": 0.80923514906317, "unseen_speaker_unseen_utterance_unseen_channel": 0.8337120898067951}}
{"loss": 0.8290089964866638, "step": 1425, "validation": {}}
{"loss": 0.8182100057601929, "step": 1450, "validation": {}}
{"loss": 0.7988436222076416, "step": 1475, "validation": {}}
{"loss": 0.79529869556427, "step": 1500, "validation": {"j1_joint_snr_5db_jsr_-10db": 0.8651008857414126, "j1_unseen_jsr_-10db": 0.8238012851215899, "j1_unseen_jsr_-12.5db": 0.8278413321822882, "j1_unseen_jsr_-15db": 0.8244171882979572, "j1_unseen_snr_10db": 0.8302370859310031, "j1_unseen_snr_15db": 0.8080735234543681, "j1_unseen_snr_5db": 0.8618918466381729, "same_speaker_unseen_utterance_unseen_channel": 0.8032116289250553, "seen_utterance_unseen_channel": 0.8057800964452326, "unseen_speaker_unseen_utterance_unseen_channel": 0.8306490769609809}}
{"loss": 0.8119325637817383, "step": 1525, "validation": {}}
{"loss": 0.8108832836151123, "step": 1550, "validation": {}}
{"loss": 0.8300260901451111, "step": 1575, "validation": {}}
{"loss": 0.7946227788925171, "step": 1600, "validation": {"j1_joint_snr_5db_jsr_-10db": 0.8646172257140279, "j1_unseen_jsr_-10db": 0.82247423985973, "j1_unseen_jsr_-12.5db": 0.8266076967120171, "j1_unseen_jsr_-15db": 0.8232354656793177, "j1_unseen_snr_10db": 0.8290072679519653, "j1_unseen_snr_15db": 0.806403914000839, "j1_unseen_snr_5db": 0.8609986761584878, "same_speaker_unseen_utterance_unseen_channel": 0.8023124798201025, "seen_utterance_unseen_channel": 0.8027303731068969, "unseen_speaker_unseen_utterance_unseen_channel": 0.8291276460513473}}
{"loss": 0.7922469973564148, "step": 1625, "validation": {}}
{"loss": 0.7789372801780701, "step": 1650, "validation": {}}
{"loss": 0.8041125535964966, "step": 1675, "validation": {}}
{"loss": 0.8314309120178223, "step": 1700, "validation": {"j1_joint_snr_5db_jsr_-10db": 0.8626305013895035, "j1_unseen_jsr_-10db": 0.8195944288745522, "j1_unseen_jsr_-12.5db": 0.8238756102509797, "j1_unseen_jsr_-15db": 0.8198427585884929, "j1_unseen_snr_10db": 0.8259541187435389, "j1_unseen_snr_15db": 0.8032197244465351, "j1_unseen_snr_5db": 0.8592257802374661, "same_speaker_unseen_utterance_unseen_channel": 0.798839075025171, "seen_utterance_unseen_channel": 0.7994256089441478, "unseen_speaker_unseen_utterance_unseen_channel": 0.8264586846344173}}
{"loss": 0.777286946773529, "step": 1725, "validation": {}}
{"loss": 0.7926551103591919, "step": 1750, "validation": {}}
{"loss": 0.8289231061935425, "step": 1775, "validation": {}}
{"loss": 0.8355234861373901, "step": 1800, "validation": {"j1_joint_snr_5db_jsr_-10db": 0.8611470330506563, "j1_unseen_jsr_-10db": 0.8177966144867241, "j1_unseen_jsr_-12.5db": 0.8218707623891532, "j1_unseen_jsr_-15db": 0.81829574983567, "j1_unseen_snr_10db": 0.8243638472631574, "j1_unseen_snr_15db": 0.8015977875329554, "j1_unseen_snr_5db": 0.8579156370833516, "same_speaker_unseen_utterance_unseen_channel": 0.7955620102584362, "seen_utterance_unseen_channel": 0.7970929951407015, "unseen_speaker_unseen_utterance_unseen_channel": 0.8244378697127104}}
{"loss": 0.8013893365859985, "step": 1825, "validation": {}}
{"loss": 0.8269872069358826, "step": 1850, "validation": {}}
{"loss": 0.804036557674408, "step": 1875, "validation": {}}
{"loss": 0.7915095090866089, "step": 1900, "validation": {"j1_joint_snr_5db_jsr_-10db": 0.8599559227004647, "j1_unseen_jsr_-10db": 0.8164428020827472, "j1_unseen_jsr_-12.5db": 0.8203770909458399, "j1_unseen_jsr_-15db": 0.8163979239761829, "j1_unseen_snr_10db": 0.8230647062882781, "j1_unseen_snr_15db": 0.7998471246100962, "j1_unseen_snr_5db": 0.8563252640888095, "same_speaker_unseen_utterance_unseen_channel": 0.795184058137238, "seen_utterance_unseen_channel": 0.7955816416069865, "unseen_speaker_unseen_utterance_unseen_channel": 0.8231063722632825}}
{"loss": 0.7937982082366943, "step": 1925, "validation": {}}
{"loss": 0.7756894826889038, "step": 1950, "validation": {}}
{"loss": 0.7875200510025024, "step": 1975, "validation": {}}
{"loss": 0.7797105312347412, "step": 2000, "validation": {"j1_joint_snr_5db_jsr_-10db": 0.8605242585763335, "j1_unseen_jsr_-10db": 0.8156307325698435, "j1_unseen_jsr_-12.5db": 0.8194817476905882, "j1_unseen_jsr_-15db": 0.8158020772971213, "j1_unseen_snr_10db": 0.8228044826537371, "j1_unseen_snr_15db": 0.7989485450088978, "j1_unseen_snr_5db": 0.8554558674804866, "same_speaker_unseen_utterance_unseen_channel": 0.794382500462234, "seen_utterance_unseen_channel": 0.7950445003807545, "unseen_speaker_unseen_utterance_unseen_channel": 0.8228302830830216}}
{"loss": 0.8044317364692688, "step": 2025, "validation": {}}
{"loss": 0.8409287929534912, "step": 2050, "validation": {}}
{"loss": 0.8052787780761719, "step": 2075, "validation": {}}
{"loss": 0.80096036195755, "step": 2100, "validation": {"j1_joint_snr_5db_jsr_-10db": 0.8599044913426042, "j1_unseen_jsr_-10db": 0.8151608747430146, "j1_unseen_jsr_-12.5db": 0.8189957803115249, "j1_unseen_jsr_-15db": 0.8156146947294474, "j1_unseen_snr_10db": 0.8216414367780089, "j1_unseen_snr_15db": 0.7989345886744559, "j1_unseen_snr_5db": 0.8554659755900502, "same_speaker_unseen_utterance_unseen_channel": 0.7928252331912518, "seen_utterance_unseen_channel": 0.7950511029921472, "unseen_speaker_unseen_utterance_unseen_channel": 0.8223836282268167}}
{"loss": 0.8516422510147095, "step": 2125, "validation": {}}
{"loss": 0.8358326554298401, "step": 2150, "validation": {}}
{"loss": 0.8239707946777344, "step": 2175, "validation": {}}
{"loss": 0.760838508605957, "step": 2200, "validation": {"j1_joint_snr_5db_jsr_-10db": 0.8586473474279046, "j1_unseen_jsr_-10db": 0.8129557459615171, "j1_unseen_jsr_-12.5db": 0.8174067721702158, "j1_unseen_jsr_-15db": 0.8130949949845672, "j1_unseen_snr_10db": 0.8202085513621569, "j1_unseen_snr_15db": 0.7963383952155709, "j1_unseen_snr_5db": 0.8540075235068798, "same_speaker_unseen_utterance_unseen_channel": 0.7906856974586844, "seen_utterance_unseen_channel": 0.7913075303658843, "unseen_speaker_unseen_utterance_unseen_channel": 0.8209857796318829}}
{"loss": 0.7686653733253479, "step": 2225, "validation": {}}
{"loss": 0.7703066468238831, "step": 2250, "validation": {}}
{"loss": 0.8303201198577881, "step": 2275, "validation": {}}
{"loss": 0.7490832805633545, "step": 2300, "validation": {"j1_joint_snr_5db_jsr_-10db": 0.8559234724380076, "j1_unseen_jsr_-10db": 0.8112159874290228, "j1_unseen_jsr_-12.5db": 0.8157296623103321, "j1_unseen_jsr_-15db": 0.8115327754057944, "j1_unseen_snr_10db": 0.8181839669123292, "j1_unseen_snr_15db": 0.7946895933710039, "j1_unseen_snr_5db": 0.8523985715582967, "same_speaker_unseen_utterance_unseen_channel": 0.7896758713759482, "seen_utterance_unseen_channel": 0.7891179849393666, "unseen_speaker_unseen_utterance_unseen_channel": 0.8188995448872447}}
{"loss": 0.784784734249115, "step": 2325, "validation": {}}
{"loss": 0.778007984161377, "step": 2350, "validation": {}}
{"loss": 0.7628718614578247, "step": 2375, "validation": {}}
{"loss": 0.7718918323516846, "step": 2400, "validation": {"j1_joint_snr_5db_jsr_-10db": 0.8591642631217837, "j1_unseen_jsr_-10db": 0.8108756565488875, "j1_unseen_jsr_-12.5db": 0.8153114416636527, "j1_unseen_jsr_-15db": 0.8108502654358745, "j1_unseen_snr_10db": 0.8181190616451204, "j1_unseen_snr_15db": 0.7943729595281184, "j1_unseen_snr_5db": 0.8537020548246801, "same_speaker_unseen_utterance_unseen_channel": 0.788357057608664, "seen_utterance_unseen_channel": 0.7881427155807614, "unseen_speaker_unseen_utterance_unseen_channel": 0.8189182667993009}}
{"loss": 0.7733691930770874, "step": 2425, "validation": {}}
{"loss": 0.7817366719245911, "step": 2450, "validation": {}}
{"loss": 0.7994849681854248, "step": 2475, "validation": {}}
{"loss": 0.7865489721298218, "step": 2500, "validation": {"j1_joint_snr_5db_jsr_-10db": 0.855566849000752, "j1_unseen_jsr_-10db": 0.8096147361211479, "j1_unseen_jsr_-12.5db": 0.8134765191935003, "j1_unseen_jsr_-15db": 0.8096523284912109, "j1_unseen_snr_10db": 0.8168778815306723, "j1_unseen_snr_15db": 0.7932048602961004, "j1_unseen_snr_5db": 0.851331609301269, "same_speaker_unseen_utterance_unseen_channel": 0.7866027588024735, "seen_utterance_unseen_channel": 0.7858513314276934, "unseen_speaker_unseen_utterance_unseen_channel": 0.817318488843739}}
{"loss": 0.7959545850753784, "step": 2525, "validation": {}}
{"loss": 0.7721656560897827, "step": 2550, "validation": {}}
{"loss": 0.8067182302474976, "step": 2575, "validation": {}}
{"loss": 0.7924240827560425, "step": 2600, "validation": {"j1_joint_snr_5db_jsr_-10db": 0.8561152475886047, "j1_unseen_jsr_-10db": 0.8083568383008242, "j1_unseen_jsr_-12.5db": 0.8126576179638505, "j1_unseen_jsr_-15db": 0.8085052431561053, "j1_unseen_snr_10db": 0.8162372773513198, "j1_unseen_snr_15db": 0.792201042175293, "j1_unseen_snr_5db": 0.8504453366622329, "same_speaker_unseen_utterance_unseen_channel": 0.7851625056937337, "seen_utterance_unseen_channel": 0.7848304901272058, "unseen_speaker_unseen_utterance_unseen_channel": 0.816572355106473}}
{"loss": 0.7949784994125366, "step": 2625, "validation": {}}
{"loss": 0.7748539447784424, "step": 2650, "validation": {}}
{"loss": 0.8084350824356079, "step": 2675, "validation": {}}
{"loss": 0.7766445875167847, "step": 2700, "validation": {"j1_joint_snr_5db_jsr_-10db": 0.8536307546310127, "j1_unseen_jsr_-10db": 0.8071328713558614, "j1_unseen_jsr_-12.5db": 0.8116408251225948, "j1_unseen_jsr_-15db": 0.8073772783391178, "j1_unseen_snr_10db": 0.8148581427522004, "j1_unseen_snr_15db": 0.7906870003789663, "j1_unseen_snr_5db": 0.8493608720600605, "same_speaker_unseen_utterance_unseen_channel": 0.7845079707913101, "seen_utterance_unseen_channel": 0.7831092588603497, "unseen_speaker_unseen_utterance_unseen_channel": 0.8146190084517002}}
{"loss": 0.7595847845077515, "step": 2725, "validation": {}}
{"loss": 0.799891471862793, "step": 2750, "validation": {}}
{"loss": 0.7727901935577393, "step": 2775, "validation": {}}
{"loss": 0.8084210157394409, "step": 2800, "validation": {"j1_joint_snr_5db_jsr_-10db": 0.8532496569678187, "j1_unseen_jsr_-10db": 0.8062483607791364, "j1_unseen_jsr_-12.5db": 0.8109877179376781, "j1_unseen_jsr_-15db": 0.8065903936512768, "j1_unseen_snr_10db": 0.8141527967527509, "j1_unseen_snr_15db": 0.7899123937822878, "j1_unseen_snr_5db": 0.848371678031981, "same_speaker_unseen_utterance_unseen_channel": 0.7841649828478694, "seen_utterance_unseen_channel": 0.7810788559727371, "unseen_speaker_unseen_utterance_unseen_channel": 0.8136688764207065}}
{"loss": 0.7657589912414551, "step": 2825, "validation": {}}
{"loss": 0.742516040802002, "step": 2850, "validation": {}}
{"loss": 0.796912431716919, "step": 2875, "validation": {}}
{"loss": 0.8131150007247925, "step": 2900, "validation": {"j1_joint_snr_5db_jsr_-10db": 0.8539725285954773, "j1_unseen_jsr_-10db": 0.8051263485103846, "j1_unseen_jsr_-12.5db": 0.8094071848317981, "j1_unseen_jsr_-15db": 0.8052358594723046, "j1_unseen_snr_10db": 0.8133216043934226, "j1_unseen_snr_15db": 0.7887504776008427, "j1_unseen_snr_5db": 0.8478787620551884, "same_speaker_unseen_utterance_unseen_channel": 0.7813676679506898, "seen_utterance_unseen_channel": 0.7800638638436794, "unseen_speaker_unseen_utterance_unseen_channel": 0.8134026592597365}}
{"loss": 0.7725670337677002, "step": 2925, "validation": {}}
{"loss": 0.7641937732696533, "step": 2950, "validation": {}}
{"loss": 0.7683544158935547, "step": 2975, "validation": {}}
{"loss": 0.8067405819892883, "step": 3000, "validation": {"j1_joint_snr_5db_jsr_-10db": 0.8501813518814743, "j1_unseen_jsr_-10db": 0.8042464861646295, "j1_unseen_jsr_-12.5db": 0.808804449159652, "j1_unseen_jsr_-15db": 0.8043116638436913, "j1_unseen_snr_10db": 0.8119045104831457, "j1_unseen_snr_15db": 0.7878936701454222, "j1_unseen_snr_5db": 0.84682029299438, "same_speaker_unseen_utterance_unseen_channel": 0.7822376191616058, "seen_utterance_unseen_channel": 0.7786636394448578, "unseen_speaker_unseen_utterance_unseen_channel": 0.8120873626321554}}
{"loss": 0.7793349027633667, "step": 3025, "validation": {}}
{"loss": 0.7955463528633118, "step": 3050, "validation": {}}
{"loss": 0.764792799949646, "step": 3075, "validation": {}}
{"loss": 0.801081120967865, "step": 3100, "validation": {"j1_joint_snr_5db_jsr_-10db": 0.8496724111028016, "j1_unseen_jsr_-10db": 0.8035820322111249, "j1_unseen_jsr_-12.5db": 0.8077516388148069, "j1_unseen_jsr_-15db": 0.8033415162935853, "j1_unseen_snr_10db": 0.8111764588393271, "j1_unseen_snr_15db": 0.7873846874572337, "j1_unseen_snr_5db": 0.8465355043299496, "same_speaker_unseen_utterance_unseen_channel": 0.7810384733602405, "seen_utterance_unseen_channel": 0.7770881433971226, "unseen_speaker_unseen_utterance_unseen_channel": 0.8102776119485497}}
{"loss": 0.7918739318847656, "step": 3125, "validation": {}}
{"loss": 0.8260660171508789, "step": 3150, "validation": {}}
{"loss": 0.7602789402008057, "step": 3175, "validation": {}}
{"loss": 0.7835572957992554, "step": 3200, "validation": {"j1_joint_snr_5db_jsr_-10db": 0.8496055598370731, "j1_unseen_jsr_-10db": 0.8019483122043312, "j1_unseen_jsr_-12.5db": 0.8063796181231737, "j1_unseen_jsr_-15db": 0.8020482510328293, "j1_unseen_snr_10db": 0.8097609863616526, "j1_unseen_snr_15db": 0.7856273320503533, "j1_unseen_snr_5db": 0.8454425530508161, "same_speaker_unseen_utterance_unseen_channel": 0.7790414751507342, "seen_utterance_unseen_channel": 0.7748200965579599, "unseen_speaker_unseen_utterance_unseen_channel": 0.8098895428702235}}
{"loss": 0.7672910690307617, "step": 3225, "validation": {}}
{"loss": 0.8013486862182617, "step": 3250, "validation": {}}
{"loss": 0.7725605964660645, "step": 3275, "validation": {}}
{"loss": 0.7772095203399658, "step": 3300, "validation": {"j1_joint_snr_5db_jsr_-10db": 0.8478917879983783, "j1_unseen_jsr_-10db": 0.8010824420489371, "j1_unseen_jsr_-12.5db": 0.8060244903899729, "j1_unseen_jsr_-15db": 0.8011252507567406, "j1_unseen_snr_10db": 0.8090186258777976, "j1_unseen_snr_15db": 0.7850977573543787, "j1_unseen_snr_5db": 0.8445381917990744, "same_speaker_unseen_utterance_unseen_channel": 0.7801613914780319, "seen_utterance_unseen_channel": 0.7735139271244407, "unseen_speaker_unseen_utterance_unseen_channel": 0.80861652828753}}
{"loss": 0.7536630034446716, "step": 3325, "validation": {}}
{"loss": 0.7780677080154419, "step": 3350, "validation": {}}
{"loss": 0.7996784448623657, "step": 3375, "validation": {}}
{"loss": 0.8008177280426025, "step": 3400, "validation": {"j1_joint_snr_5db_jsr_-10db": 0.8471065680496395, "j1_unseen_jsr_-10db": 0.8003370608203113, "j1_unseen_jsr_-12.5db": 0.8053128505125642, "j1_unseen_jsr_-15db": 0.8005604003556073, "j1_unseen_snr_10db": 0.8084167442284524, "j1_unseen_snr_15db": 0.7843477437272668, "j1_unseen_snr_5db": 0.8442053529433906, "same_speaker_unseen_utterance_unseen_channel": 0.7776584844104946, "seen_utterance_unseen_channel": 0.7725011045113206, "unseen_speaker_unseen_utterance_unseen_channel": 0.8081129542551935}}
{"loss": 0.8196953535079956, "step": 3425, "validation": {}}
{"loss": 0.8000764846801758, "step": 3450, "validation": {}}
{"loss": 0.7930925488471985, "step": 3475, "validation": {}}
{"loss": 0.7477140426635742, "step": 3500, "validation": {"j1_joint_snr_5db_jsr_-10db": 0.8490270595066249, "j1_unseen_jsr_-10db": 0.7995565589517355, "j1_unseen_jsr_-12.5db": 0.8046679212711751, "j1_unseen_jsr_-15db": 0.7994831567630172, "j1_unseen_snr_10db": 0.808016455732286, "j1_unseen_snr_15db": 0.7830547546036541, "j1_unseen_snr_5db": 0.8439113404601812, "same_speaker_unseen_utterance_unseen_channel": 0.7762628081254661, "seen_utterance_unseen_channel": 0.7712031658738852, "unseen_speaker_unseen_utterance_unseen_channel": 0.808140482287854}}
{"loss": 0.7355844974517822, "step": 3525, "validation": {}}
{"loss": 0.7983366847038269, "step": 3550, "validation": {}}
{"loss": 0.7442092895507812, "step": 3575, "validation": {}}
{"loss": 0.7703686952590942, "step": 3600, "validation": {"j1_joint_snr_5db_jsr_-10db": 0.8471026909537613, "j1_unseen_jsr_-10db": 0.7983448896557093, "j1_unseen_jsr_-12.5db": 0.8038082704879344, "j1_unseen_jsr_-15db": 0.7978514162823558, "j1_unseen_snr_10db": 0.8065959312953055, "j1_unseen_snr_15db": 0.7822010996751487, "j1_unseen_snr_5db": 0.8431390612386167, "same_speaker_unseen_utterance_unseen_channel": 0.7753458716906607, "seen_utterance_unseen_channel": 0.7696232611779124, "unseen_speaker_unseen_utterance_unseen_channel": 0.8063950901851058}}
{"loss": 0.7686739563941956, "step": 3625, "validation": {}}
{"loss": 0.779995322227478, "step": 3650, "validation": {}}
{"loss": 0.8113503456115723, "step": 3675, "validation": {}}
{"loss": 0.7775524854660034, "step": 3700, "validation": {"j1_joint_snr_5db_jsr_-10db": 0.8457357627339661, "j1_unseen_jsr_-10db": 0.797047009691596, "j1_unseen_jsr_-12.5db": 0.8024030923843384, "j1_unseen_jsr_-15db": 0.7973362631164491, "j1_unseen_snr_10db": 0.8053744644857943, "j1_unseen_snr_15db": 0.781241332180798, "j1_unseen_snr_5db": 0.8418237552978098, "same_speaker_unseen_utterance_unseen_channel": 0.7753950352780521, "seen_utterance_unseen_channel": 0.7689677414018661, "unseen_speaker_unseen_utterance_unseen_channel": 0.8055554260499775}}
{"loss": 0.7667223215103149, "step": 3725, "validation": {}}
{"loss": 0.7558761835098267, "step": 3750, "validation": {}}
{"loss": 0.7962558269500732, "step": 3775, "validation": {}}
{"loss": 0.7905784249305725, "step": 3800, "validation": {"j1_joint_snr_5db_jsr_-10db": 0.8459091279655695, "j1_unseen_jsr_-10db": 0.7969213989563286, "j1_unseen_jsr_-12.5db": 0.8024367205798626, "j1_unseen_jsr_-15db": 0.7967683975584805, "j1_unseen_snr_10db": 0.8046473995782435, "j1_unseen_snr_15db": 0.7803759886883199, "j1_unseen_snr_5db": 0.8413769416511059, "same_speaker_unseen_utterance_unseen_channel": 0.7744247945956886, "seen_utterance_unseen_channel": 0.7695297624450177, "unseen_speaker_unseen_utterance_unseen_channel": 0.8053942117840052}}
{"loss": 0.7849708795547485, "step": 3825, "validation": {}}
{"loss": 0.8092226982116699, "step": 3850, "validation": {}}
{"loss": 0.7759878635406494, "step": 3875, "validation": {}}
{"loss": 0.7750238180160522, "step": 3900, "validation": {"j1_joint_snr_5db_jsr_-10db": 0.8432769472710788, "j1_unseen_jsr_-10db": 0.7954693087376654, "j1_unseen_jsr_-12.5db": 0.8005077983252704, "j1_unseen_jsr_-15db": 0.795255808159709, "j1_unseen_snr_10db": 0.8034068718552589, "j1_unseen_snr_15db": 0.7796513419598341, "j1_unseen_snr_5db": 0.8406110322102904, "same_speaker_unseen_utterance_unseen_channel": 0.7751288744620979, "seen_utterance_unseen_channel": 0.7667684296611696, "unseen_speaker_unseen_utterance_unseen_channel": 0.8039629589766264}}
{"loss": 0.7881765365600586, "step": 3925, "validation": {}}
{"loss": 0.8019893169403076, "step": 3950, "validation": {}}
{"loss": 0.7927744388580322, "step": 3975, "validation": {}}
{"loss": 0.7948635816574097, "step": 4000, "validation": {"j1_joint_snr_5db_jsr_-10db": 0.8461547903716564, "j1_unseen_jsr_-10db": 0.7954680281691253, "j1_unseen_jsr_-12.5db": 0.8000258947722614, "j1_unseen_jsr_-15db": 0.7950619938783348, "j1_unseen_snr_10db": 0.8030472998507321, "j1_unseen_snr_15db": 0.7789939199574292, "j1_unseen_snr_5db": 0.8402344700880349, "same_speaker_unseen_utterance_unseen_channel": 0.7723747887648642, "seen_utterance_unseen_channel": 0.7647929941304028, "unseen_speaker_unseen_utterance_unseen_channel": 0.8046887125819921}}
{"loss": 0.746656060218811, "step": 4025, "validation": {}}
{"loss": 0.7531986236572266, "step": 4050, "validation": {}}
{"loss": 0.7463887333869934, "step": 4075, "validation": {}}
{"loss": 0.7826727628707886, "step": 4096, "validation": {"j1_joint_snr_5db_jsr_-10db": 0.8429911751300097, "j1_unseen_jsr_-10db": 0.7944182842038572, "j1_unseen_jsr_-12.5db": 0.7990844193845987, "j1_unseen_jsr_-15db": 0.7938310969620943, "j1_unseen_snr_10db": 0.8026367635466158, "j1_unseen_snr_15db": 0.7779473140835762, "j1_unseen_snr_5db": 0.8395566870458424, "same_speaker_unseen_utterance_unseen_channel": 0.7715195310302079, "seen_utterance_unseen_channel": 0.7652985090389848, "unseen_speaker_unseen_utterance_unseen_channel": 0.8020948432385921}}
